[2019-11-15 15:25:01] dev.ERROR: Twig\Error\SyntaxError: Unknown "partials" tag. Did you mean "partial" in "getTwigNodeTree" at line 10? in /Users/ogare/Projects/RetailpayDocs/vendor/twig/twig/src/Parser.php:175
Stack trace:
#0 /Users/ogare/Projects/RetailpayDocs/vendor/twig/twig/src/Parser.php(98): Twig\Parser->subparse(NULL, false)
#1 /Users/ogare/Projects/RetailpayDocs/vendor/twig/twig/src/Environment.php(563): Twig\Parser->parse(Object(Twig\TokenStream))
#2 /Users/ogare/Projects/RetailpayDocs/modules/cms/Classes/CmsCompoundObject.php(416): Twig\Environment->parse(Object(Twig\TokenStream))
#3 /Users/ogare/Projects/RetailpayDocs/plugins/rainlab/pages/classes/Page.php(465): Cms\Classes\CmsCompoundObject->getTwigNodeTree()
#4 /Users/ogare/Projects/RetailpayDocs/plugins/rainlab/pages/controllers/index.php(585): RainLab\Pages\Classes\Page->listLayoutPlaceholders()
#5 /Users/ogare/Projects/RetailpayDocs/plugins/rainlab/pages/controllers/index.php(520): RainLab\Pages\Controllers\Index->addPagePlaceholders(Object(Backend\Widgets\Form), Object(RainLab\Pages\Classes\Page))
#6 [internal function]: RainLab\Pages\Controllers\Index->RainLab\Pages\Controllers\{closure}()
#7 /Users/ogare/Projects/RetailpayDocs/vendor/october/rain/src/Support/Traits/Emitter.php(133): call_user_func_array(Object(Closure), Array)
#8 /Users/ogare/Projects/RetailpayDocs/modules/system/Traits/EventEmitter.php(47): Backend\Classes\WidgetBase->fireEvent('form.extendFiel...', Array, true)
#9 /Users/ogare/Projects/RetailpayDocs/modules/backend/Widgets/Form.php(514): Backend\Classes\WidgetBase->fireSystemEvent('backend.form.ex...')
#10 /Users/ogare/Projects/RetailpayDocs/modules/backend/Widgets/Form.php(310): Backend\Widgets\Form->defineFormFields()
#11 /Users/ogare/Projects/RetailpayDocs/modules/backend/Widgets/Form.php(219): Backend\Widgets\Form->prepareVars()
#12 /Users/ogare/Projects/RetailpayDocs/plugins/rainlab/pages/controllers/index/_form_page.htm(7): Backend\Widgets\Form->render()
#13 /Users/ogare/Projects/RetailpayDocs/modules/system/Traits/ViewMaker.php(247): include('/Users/ogare/Pr...')
#14 /Users/ogare/Projects/RetailpayDocs/modules/system/Traits/ViewMaker.php(97): Backend\Classes\Controller->makeFileContents('/Users/ogare/Pr...', Array)
#15 /Users/ogare/Projects/RetailpayDocs/plugins/rainlab/pages/controllers/index.php(759): Backend\Classes\Controller->makePartial('_form_page.htm', Array)
#16 /Users/ogare/Projects/RetailpayDocs/plugins/rainlab/pages/controllers/index.php(103): RainLab\Pages\Controllers\Index->pushObjectForm('page', Object(RainLab\Pages\Classes\Page))
#17 [internal function]: RainLab\Pages\Controllers\Index->index_onOpen()
#18 /Users/ogare/Projects/RetailpayDocs/modules/backend/Classes/Controller.php(612): call_user_func_array(Array, Array)
#19 /Users/ogare/Projects/RetailpayDocs/modules/backend/Classes/Controller.php(470): Backend\Classes\Controller->runAjaxHandler('onOpen')
#20 /Users/ogare/Projects/RetailpayDocs/modules/backend/Classes/Controller.php(267): Backend\Classes\Controller->execAjaxHandlers()
#21 /Users/ogare/Projects/RetailpayDocs/modules/backend/Classes/BackendController.php(161): Backend\Classes\Controller->run('index', Array)
#22 [internal function]: Backend\Classes\BackendController->run('rainlab/pages')
#23 /Users/ogare/Projects/RetailpayDocs/vendor/laravel/framework/src/Illuminate/Routing/Controller.php(54): call_user_func_array(Array, Array)
#24 /Users/ogare/Projects/RetailpayDocs/vendor/laravel/framework/src/Illuminate/Routing/ControllerDispatcher.php(45): Illuminate\Routing\Controller->callAction('run', Array)
#25 /Users/ogare/Projects/RetailpayDocs/vendor/laravel/framework/src/Illuminate/Routing/Route.php(212): Illuminate\Routing\ControllerDispatcher->dispatch(Object(Illuminate\Routing\Route), Object(Backend\Classes\BackendController), 'run')
#26 /Users/ogare/Projects/RetailpayDocs/vendor/laravel/framework/src/Illuminate/Routing/Route.php(169): Illuminate\Routing\Route->runController()
#27 /Users/ogare/Projects/RetailpayDocs/vendor/laravel/framework/src/Illuminate/Routing/Router.php(658): Illuminate\Routing\Route->run()
#28 /Users/ogare/Projects/RetailpayDocs/vendor/laravel/framework/src/Illuminate/Routing/Pipeline.php(30): Illuminate\Routing\Router->Illuminate\Routing\{closure}(Object(Illuminate\Http\Request))
#29 /Users/ogare/Projects/RetailpayDocs/modules/backend/Classes/BackendController.php(68): Illuminate\Routing\Pipeline->Illuminate\Routing\{closure}(Object(Illuminate\Http\Request))
#30 /Users/ogare/Projects/RetailpayDocs/vendor/laravel/framework/src/Illuminate/Pipeline/Pipeline.php(131): Backend\Classes\BackendController->Backend\Classes\{closure}(Object(Illuminate\Http\Request), Object(Closure))
#31 /Users/ogare/Projects/RetailpayDocs/vendor/laravel/framework/src/Illuminate/Routing/Pipeline.php(53): Illuminate\Pipeline\Pipeline->Illuminate\Pipeline\{closure}(Object(Illuminate\Http\Request))
#32 /Users/ogare/Projects/RetailpayDocs/vendor/laravel/framework/src/Illuminate/Routing/Middleware/SubstituteBindings.php(41): Illuminate\Routing\Pipeline->Illuminate\Routing\{closure}(Object(Illuminate\Http\Request))
#33 /Users/ogare/Projects/RetailpayDocs/vendor/laravel/framework/src/Illuminate/Pipeline/Pipeline.php(149): Illuminate\Routing\Middleware\SubstituteBindings->handle(Object(Illuminate\Http\Request), Object(Closure))
#34 /Users/ogare/Projects/RetailpayDocs/vendor/laravel/framework/src/Illuminate/Routing/Pipeline.php(53): Illuminate\Pipeline\Pipeline->Illuminate\Pipeline\{closure}(Object(Illuminate\Http\Request))
#35 /Users/ogare/Projects/RetailpayDocs/vendor/laravel/framework/src/Illuminate/View/Middleware/ShareErrorsFromSession.php(49): Illuminate\Routing\Pipeline->Illuminate\Routing\{closure}(Object(Illuminate\Http\Request))
#36 /Users/ogare/Projects/RetailpayDocs/vendor/laravel/framework/src/Illuminate/Pipeline/Pipeline.php(149): Illuminate\View\Middleware\ShareErrorsFromSession->handle(Object(Illuminate\Http\Request), Object(Closure))
#37 /Users/ogare/Projects/RetailpayDocs/vendor/laravel/framework/src/Illuminate/Routing/Pipeline.php(53): Illuminate\Pipeline\Pipeline->Illuminate\Pipeline\{closure}(Object(Illuminate\Http\Request))
#38 /Users/ogare/Projects/RetailpayDocs/vendor/laravel/framework/src/Illuminate/Session/Middleware/StartSession.php(63): Illuminate\Routing\Pipeline->Illuminate\Routing\{closure}(Object(Illuminate\Http\Request))
#39 /Users/ogare/Projects/RetailpayDocs/vendor/laravel/framework/src/Illuminate/Pipeline/Pipeline.php(149): Illuminate\Session\Middleware\StartSession->handle(Object(Illuminate\Http\Request), Object(Closure))
#40 /Users/ogare/Projects/RetailpayDocs/vendor/laravel/framework/src/Illuminate/Routing/Pipeline.php(53): Illuminate\Pipeline\Pipeline->Illuminate\Pipeline\{closure}(Object(Illuminate\Http\Request))
#41 /Users/ogare/Projects/RetailpayDocs/vendor/laravel/framework/src/Illuminate/Cookie/Middleware/AddQueuedCookiesToResponse.php(37): Illuminate\Routing\Pipeline->Illuminate\Routing\{closure}(Object(Illuminate\Http\Request))
#42 /Users/ogare/Projects/RetailpayDocs/vendor/laravel/framework/src/Illuminate/Pipeline/Pipeline.php(149): Illuminate\Cookie\Middleware\AddQueuedCookiesToResponse->handle(Object(Illuminate\Http\Request), Object(Closure))
#43 /Users/ogare/Projects/RetailpayDocs/vendor/laravel/framework/src/Illuminate/Routing/Pipeline.php(53): Illuminate\Pipeline\Pipeline->Illuminate\Pipeline\{closure}(Object(Illuminate\Http\Request))
#44 /Users/ogare/Projects/RetailpayDocs/vendor/laravel/framework/src/Illuminate/Cookie/Middleware/EncryptCookies.php(66): Illuminate\Routing\Pipeline->Illuminate\Routing\{closure}(Object(Illuminate\Http\Request))
#45 /Users/ogare/Projects/RetailpayDocs/vendor/laravel/framework/src/Illuminate/Pipeline/Pipeline.php(149): Illuminate\Cookie\Middleware\EncryptCookies->handle(Object(Illuminate\Http\Request), Object(Closure))
#46 /Users/ogare/Projects/RetailpayDocs/vendor/laravel/framework/src/Illuminate/Routing/Pipeline.php(53): Illuminate\Pipeline\Pipeline->Illuminate\Pipeline\{closure}(Object(Illuminate\Http\Request))
#47 /Users/ogare/Projects/RetailpayDocs/vendor/laravel/framework/src/Illuminate/Pipeline/Pipeline.php(102): Illuminate\Routing\Pipeline->Illuminate\Routing\{closure}(Object(Illuminate\Http\Request))
#48 /Users/ogare/Projects/RetailpayDocs/vendor/laravel/framework/src/Illuminate/Routing/Router.php(660): Illuminate\Pipeline\Pipeline->then(Object(Closure))
#49 /Users/ogare/Projects/RetailpayDocs/vendor/laravel/framework/src/Illuminate/Routing/Router.php(635): Illuminate\Routing\Router->runRouteWithinStack(Object(Illuminate\Routing\Route), Object(Illuminate\Http\Request))
#50 /Users/ogare/Projects/RetailpayDocs/vendor/laravel/framework/src/Illuminate/Routing/Router.php(601): Illuminate\Routing\Router->runRoute(Object(Illuminate\Http\Request), Object(Illuminate\Routing\Route))
#51 /Users/ogare/Projects/RetailpayDocs/vendor/october/rain/src/Router/CoreRouter.php(20): Illuminate\Routing\Router->dispatchToRoute(Object(Illuminate\Http\Request))
#52 /Users/ogare/Projects/RetailpayDocs/vendor/laravel/framework/src/Illuminate/Foundation/Http/Kernel.php(176): October\Rain\Router\CoreRouter->dispatch(Object(Illuminate\Http\Request))
#53 /Users/ogare/Projects/RetailpayDocs/vendor/laravel/framework/src/Illuminate/Routing/Pipeline.php(30): Illuminate\Foundation\Http\Kernel->Illuminate\Foundation\Http\{closure}(Object(Illuminate\Http\Request))
#54 /Users/ogare/Projects/RetailpayDocs/vendor/laravel/framework/src/Illuminate/Foundation/Http/Middleware/CheckForMaintenanceMode.php(46): Illuminate\Routing\Pipeline->Illuminate\Routing\{closure}(Object(Illuminate\Http\Request))
#55 /Users/ogare/Projects/RetailpayDocs/vendor/october/rain/src/Foundation/Http/Middleware/CheckForMaintenanceMode.php(24): Illuminate\Foundation\Http\Middleware\CheckForMaintenanceMode->handle(Object(Illuminate\Http\Request), Object(Closure))
#56 /Users/ogare/Projects/RetailpayDocs/vendor/laravel/framework/src/Illuminate/Pipeline/Pipeline.php(149): October\Rain\Foundation\Http\Middleware\CheckForMaintenanceMode->handle(Object(Illuminate\Http\Request), Object(Closure))
#57 /Users/ogare/Projects/RetailpayDocs/vendor/laravel/framework/src/Illuminate/Routing/Pipeline.php(53): Illuminate\Pipeline\Pipeline->Illuminate\Pipeline\{closure}(Object(Illuminate\Http\Request))
#58 /Users/ogare/Projects/RetailpayDocs/vendor/laravel/framework/src/Illuminate/Pipeline/Pipeline.php(102): Illuminate\Routing\Pipeline->Illuminate\Routing\{closure}(Object(Illuminate\Http\Request))
#59 /Users/ogare/Projects/RetailpayDocs/vendor/laravel/framework/src/Illuminate/Foundation/Http/Kernel.php(151): Illuminate\Pipeline\Pipeline->then(Object(Closure))
#60 /Users/ogare/Projects/RetailpayDocs/vendor/laravel/framework/src/Illuminate/Foundation/Http/Kernel.php(116): Illuminate\Foundation\Http\Kernel->sendRequestThroughRouter(Object(Illuminate\Http\Request))
#61 /Users/ogare/Projects/RetailpayDocs/index.php(43): Illuminate\Foundation\Http\Kernel->handle(Object(Illuminate\Http\Request))
#62 {main}  
[2019-11-15 15:26:41] dev.ERROR: Cms\Classes\CmsException: The partial 'layout/header' is not found. in /Users/ogare/Projects/RetailpayDocs/modules/cms/Classes/Controller.php:1030
Stack trace:
#0 /Users/ogare/Projects/RetailpayDocs/modules/cms/Twig/Extension.php(102): Cms\Classes\Controller->renderPartial('layout/header', Array, true)
#1 /Users/ogare/Projects/RetailpayDocs/storage/cms/twig/4e/4e4088b615875106c64a8893d54660697bb942e73168b9f024414d7a173ad209.php(61): Cms\Twig\Extension->partialFunction('layout/header', Array, true)
#2 /Users/ogare/Projects/RetailpayDocs/vendor/twig/twig/src/Template.php(407): __TwigTemplate_0319ab044eac1584f02214c10234f7661dccca07e9076701273563810af8893c->doDisplay(Array, Array)
#3 /Users/ogare/Projects/RetailpayDocs/vendor/twig/twig/src/Template.php(380): Twig\Template->displayWithErrorHandling(Array, Array)
#4 /Users/ogare/Projects/RetailpayDocs/vendor/twig/twig/src/Template.php(392): Twig\Template->display(Array)
#5 /Users/ogare/Projects/RetailpayDocs/modules/cms/Classes/Controller.php(434): Twig\Template->render(Array)
#6 /Users/ogare/Projects/RetailpayDocs/modules/cms/Classes/Controller.php(224): Cms\Classes\Controller->runPage(Object(Cms\Classes\Page))
#7 /Users/ogare/Projects/RetailpayDocs/modules/cms/Classes/CmsController.php(50): Cms\Classes\Controller->run('/')
#8 [internal function]: Cms\Classes\CmsController->run('/')
#9 /Users/ogare/Projects/RetailpayDocs/vendor/laravel/framework/src/Illuminate/Routing/Controller.php(54): call_user_func_array(Array, Array)
#10 /Users/ogare/Projects/RetailpayDocs/vendor/laravel/framework/src/Illuminate/Routing/ControllerDispatcher.php(45): Illuminate\Routing\Controller->callAction('run', Array)
#11 /Users/ogare/Projects/RetailpayDocs/vendor/laravel/framework/src/Illuminate/Routing/Route.php(212): Illuminate\Routing\ControllerDispatcher->dispatch(Object(Illuminate\Routing\Route), Object(Cms\Classes\CmsController), 'run')
#12 /Users/ogare/Projects/RetailpayDocs/vendor/laravel/framework/src/Illuminate/Routing/Route.php(169): Illuminate\Routing\Route->runController()
#13 /Users/ogare/Projects/RetailpayDocs/vendor/laravel/framework/src/Illuminate/Routing/Router.php(658): Illuminate\Routing\Route->run()
#14 /Users/ogare/Projects/RetailpayDocs/vendor/laravel/framework/src/Illuminate/Routing/Pipeline.php(30): Illuminate\Routing\Router->Illuminate\Routing\{closure}(Object(Illuminate\Http\Request))
#15 /Users/ogare/Projects/RetailpayDocs/vendor/laravel/framework/src/Illuminate/Routing/Middleware/SubstituteBindings.php(41): Illuminate\Routing\Pipeline->Illuminate\Routing\{closure}(Object(Illuminate\Http\Request))
#16 /Users/ogare/Projects/RetailpayDocs/vendor/laravel/framework/src/Illuminate/Pipeline/Pipeline.php(149): Illuminate\Routing\Middleware\SubstituteBindings->handle(Object(Illuminate\Http\Request), Object(Closure))
#17 /Users/ogare/Projects/RetailpayDocs/vendor/laravel/framework/src/Illuminate/Routing/Pipeline.php(53): Illuminate\Pipeline\Pipeline->Illuminate\Pipeline\{closure}(Object(Illuminate\Http\Request))
#18 /Users/ogare/Projects/RetailpayDocs/vendor/laravel/framework/src/Illuminate/View/Middleware/ShareErrorsFromSession.php(49): Illuminate\Routing\Pipeline->Illuminate\Routing\{closure}(Object(Illuminate\Http\Request))
#19 /Users/ogare/Projects/RetailpayDocs/vendor/laravel/framework/src/Illuminate/Pipeline/Pipeline.php(149): Illuminate\View\Middleware\ShareErrorsFromSession->handle(Object(Illuminate\Http\Request), Object(Closure))
#20 /Users/ogare/Projects/RetailpayDocs/vendor/laravel/framework/src/Illuminate/Routing/Pipeline.php(53): Illuminate\Pipeline\Pipeline->Illuminate\Pipeline\{closure}(Object(Illuminate\Http\Request))
#21 /Users/ogare/Projects/RetailpayDocs/vendor/laravel/framework/src/Illuminate/Session/Middleware/StartSession.php(63): Illuminate\Routing\Pipeline->Illuminate\Routing\{closure}(Object(Illuminate\Http\Request))
#22 /Users/ogare/Projects/RetailpayDocs/vendor/laravel/framework/src/Illuminate/Pipeline/Pipeline.php(149): Illuminate\Session\Middleware\StartSession->handle(Object(Illuminate\Http\Request), Object(Closure))
#23 /Users/ogare/Projects/RetailpayDocs/vendor/laravel/framework/src/Illuminate/Routing/Pipeline.php(53): Illuminate\Pipeline\Pipeline->Illuminate\Pipeline\{closure}(Object(Illuminate\Http\Request))
#24 /Users/ogare/Projects/RetailpayDocs/vendor/laravel/framework/src/Illuminate/Cookie/Middleware/AddQueuedCookiesToResponse.php(37): Illuminate\Routing\Pipeline->Illuminate\Routing\{closure}(Object(Illuminate\Http\Request))
#25 /Users/ogare/Projects/RetailpayDocs/vendor/laravel/framework/src/Illuminate/Pipeline/Pipeline.php(149): Illuminate\Cookie\Middleware\AddQueuedCookiesToResponse->handle(Object(Illuminate\Http\Request), Object(Closure))
#26 /Users/ogare/Projects/RetailpayDocs/vendor/laravel/framework/src/Illuminate/Routing/Pipeline.php(53): Illuminate\Pipeline\Pipeline->Illuminate\Pipeline\{closure}(Object(Illuminate\Http\Request))
#27 /Users/ogare/Projects/RetailpayDocs/vendor/laravel/framework/src/Illuminate/Cookie/Middleware/EncryptCookies.php(66): Illuminate\Routing\Pipeline->Illuminate\Routing\{closure}(Object(Illuminate\Http\Request))
#28 /Users/ogare/Projects/RetailpayDocs/vendor/laravel/framework/src/Illuminate/Pipeline/Pipeline.php(149): Illuminate\Cookie\Middleware\EncryptCookies->handle(Object(Illuminate\Http\Request), Object(Closure))
#29 /Users/ogare/Projects/RetailpayDocs/vendor/laravel/framework/src/Illuminate/Routing/Pipeline.php(53): Illuminate\Pipeline\Pipeline->Illuminate\Pipeline\{closure}(Object(Illuminate\Http\Request))
#30 /Users/ogare/Projects/RetailpayDocs/vendor/laravel/framework/src/Illuminate/Pipeline/Pipeline.php(102): Illuminate\Routing\Pipeline->Illuminate\Routing\{closure}(Object(Illuminate\Http\Request))
#31 /Users/ogare/Projects/RetailpayDocs/vendor/laravel/framework/src/Illuminate/Routing/Router.php(660): Illuminate\Pipeline\Pipeline->then(Object(Closure))
#32 /Users/ogare/Projects/RetailpayDocs/vendor/laravel/framework/src/Illuminate/Routing/Router.php(635): Illuminate\Routing\Router->runRouteWithinStack(Object(Illuminate\Routing\Route), Object(Illuminate\Http\Request))
#33 /Users/ogare/Projects/RetailpayDocs/vendor/laravel/framework/src/Illuminate/Routing/Router.php(601): Illuminate\Routing\Router->runRoute(Object(Illuminate\Http\Request), Object(Illuminate\Routing\Route))
#34 /Users/ogare/Projects/RetailpayDocs/vendor/october/rain/src/Router/CoreRouter.php(20): Illuminate\Routing\Router->dispatchToRoute(Object(Illuminate\Http\Request))
#35 /Users/ogare/Projects/RetailpayDocs/vendor/laravel/framework/src/Illuminate/Foundation/Http/Kernel.php(176): October\Rain\Router\CoreRouter->dispatch(Object(Illuminate\Http\Request))
#36 /Users/ogare/Projects/RetailpayDocs/vendor/laravel/framework/src/Illuminate/Routing/Pipeline.php(30): Illuminate\Foundation\Http\Kernel->Illuminate\Foundation\Http\{closure}(Object(Illuminate\Http\Request))
#37 /Users/ogare/Projects/RetailpayDocs/vendor/laravel/framework/src/Illuminate/Foundation/Http/Middleware/CheckForMaintenanceMode.php(46): Illuminate\Routing\Pipeline->Illuminate\Routing\{closure}(Object(Illuminate\Http\Request))
#38 /Users/ogare/Projects/RetailpayDocs/vendor/october/rain/src/Foundation/Http/Middleware/CheckForMaintenanceMode.php(24): Illuminate\Foundation\Http\Middleware\CheckForMaintenanceMode->handle(Object(Illuminate\Http\Request), Object(Closure))
#39 /Users/ogare/Projects/RetailpayDocs/vendor/laravel/framework/src/Illuminate/Pipeline/Pipeline.php(149): October\Rain\Foundation\Http\Middleware\CheckForMaintenanceMode->handle(Object(Illuminate\Http\Request), Object(Closure))
#40 /Users/ogare/Projects/RetailpayDocs/vendor/laravel/framework/src/Illuminate/Routing/Pipeline.php(53): Illuminate\Pipeline\Pipeline->Illuminate\Pipeline\{closure}(Object(Illuminate\Http\Request))
#41 /Users/ogare/Projects/RetailpayDocs/vendor/laravel/framework/src/Illuminate/Pipeline/Pipeline.php(102): Illuminate\Routing\Pipeline->Illuminate\Routing\{closure}(Object(Illuminate\Http\Request))
#42 /Users/ogare/Projects/RetailpayDocs/vendor/laravel/framework/src/Illuminate/Foundation/Http/Kernel.php(151): Illuminate\Pipeline\Pipeline->then(Object(Closure))
#43 /Users/ogare/Projects/RetailpayDocs/vendor/laravel/framework/src/Illuminate/Foundation/Http/Kernel.php(116): Illuminate\Foundation\Http\Kernel->sendRequestThroughRouter(Object(Illuminate\Http\Request))
#44 /Users/ogare/Projects/RetailpayDocs/index.php(43): Illuminate\Foundation\Http\Kernel->handle(Object(Illuminate\Http\Request))
#45 {main}

Next Twig\Error\RuntimeError: An exception has been thrown during the rendering of a template ("The partial 'layout/header' is not found.") in "/Users/ogare/Projects/RetailpayDocs/themes/retailpay-docs/layouts/index.htm" at line 17. in /Users/ogare/Projects/RetailpayDocs/vendor/twig/twig/src/Template.php:421
Stack trace:
#0 /Users/ogare/Projects/RetailpayDocs/vendor/twig/twig/src/Template.php(380): Twig\Template->displayWithErrorHandling(Array, Array)
#1 /Users/ogare/Projects/RetailpayDocs/vendor/twig/twig/src/Template.php(392): Twig\Template->display(Array)
#2 /Users/ogare/Projects/RetailpayDocs/modules/cms/Classes/Controller.php(434): Twig\Template->render(Array)
#3 /Users/ogare/Projects/RetailpayDocs/modules/cms/Classes/Controller.php(224): Cms\Classes\Controller->runPage(Object(Cms\Classes\Page))
#4 /Users/ogare/Projects/RetailpayDocs/modules/cms/Classes/CmsController.php(50): Cms\Classes\Controller->run('/')
#5 [internal function]: Cms\Classes\CmsController->run('/')
#6 /Users/ogare/Projects/RetailpayDocs/vendor/laravel/framework/src/Illuminate/Routing/Controller.php(54): call_user_func_array(Array, Array)
#7 /Users/ogare/Projects/RetailpayDocs/vendor/laravel/framework/src/Illuminate/Routing/ControllerDispatcher.php(45): Illuminate\Routing\Controller->callAction('run', Array)
#8 /Users/ogare/Projects/RetailpayDocs/vendor/laravel/framework/src/Illuminate/Routing/Route.php(212): Illuminate\Routing\ControllerDispatcher->dispatch(Object(Illuminate\Routing\Route), Object(Cms\Classes\CmsController), 'run')
#9 /Users/ogare/Projects/RetailpayDocs/vendor/laravel/framework/src/Illuminate/Routing/Route.php(169): Illuminate\Routing\Route->runController()
#10 /Users/ogare/Projects/RetailpayDocs/vendor/laravel/framework/src/Illuminate/Routing/Router.php(658): Illuminate\Routing\Route->run()
#11 /Users/ogare/Projects/RetailpayDocs/vendor/laravel/framework/src/Illuminate/Routing/Pipeline.php(30): Illuminate\Routing\Router->Illuminate\Routing\{closure}(Object(Illuminate\Http\Request))
#12 /Users/ogare/Projects/RetailpayDocs/vendor/laravel/framework/src/Illuminate/Routing/Middleware/SubstituteBindings.php(41): Illuminate\Routing\Pipeline->Illuminate\Routing\{closure}(Object(Illuminate\Http\Request))
#13 /Users/ogare/Projects/RetailpayDocs/vendor/laravel/framework/src/Illuminate/Pipeline/Pipeline.php(149): Illuminate\Routing\Middleware\SubstituteBindings->handle(Object(Illuminate\Http\Request), Object(Closure))
#14 /Users/ogare/Projects/RetailpayDocs/vendor/laravel/framework/src/Illuminate/Routing/Pipeline.php(53): Illuminate\Pipeline\Pipeline->Illuminate\Pipeline\{closure}(Object(Illuminate\Http\Request))
#15 /Users/ogare/Projects/RetailpayDocs/vendor/laravel/framework/src/Illuminate/View/Middleware/ShareErrorsFromSession.php(49): Illuminate\Routing\Pipeline->Illuminate\Routing\{closure}(Object(Illuminate\Http\Request))
#16 /Users/ogare/Projects/RetailpayDocs/vendor/laravel/framework/src/Illuminate/Pipeline/Pipeline.php(149): Illuminate\View\Middleware\ShareErrorsFromSession->handle(Object(Illuminate\Http\Request), Object(Closure))
#17 /Users/ogare/Projects/RetailpayDocs/vendor/laravel/framework/src/Illuminate/Routing/Pipeline.php(53): Illuminate\Pipeline\Pipeline->Illuminate\Pipeline\{closure}(Object(Illuminate\Http\Request))
#18 /Users/ogare/Projects/RetailpayDocs/vendor/laravel/framework/src/Illuminate/Session/Middleware/StartSession.php(63): Illuminate\Routing\Pipeline->Illuminate\Routing\{closure}(Object(Illuminate\Http\Request))
#19 /Users/ogare/Projects/RetailpayDocs/vendor/laravel/framework/src/Illuminate/Pipeline/Pipeline.php(149): Illuminate\Session\Middleware\StartSession->handle(Object(Illuminate\Http\Request), Object(Closure))
#20 /Users/ogare/Projects/RetailpayDocs/vendor/laravel/framework/src/Illuminate/Routing/Pipeline.php(53): Illuminate\Pipeline\Pipeline->Illuminate\Pipeline\{closure}(Object(Illuminate\Http\Request))
#21 /Users/ogare/Projects/RetailpayDocs/vendor/laravel/framework/src/Illuminate/Cookie/Middleware/AddQueuedCookiesToResponse.php(37): Illuminate\Routing\Pipeline->Illuminate\Routing\{closure}(Object(Illuminate\Http\Request))
#22 /Users/ogare/Projects/RetailpayDocs/vendor/laravel/framework/src/Illuminate/Pipeline/Pipeline.php(149): Illuminate\Cookie\Middleware\AddQueuedCookiesToResponse->handle(Object(Illuminate\Http\Request), Object(Closure))
#23 /Users/ogare/Projects/RetailpayDocs/vendor/laravel/framework/src/Illuminate/Routing/Pipeline.php(53): Illuminate\Pipeline\Pipeline->Illuminate\Pipeline\{closure}(Object(Illuminate\Http\Request))
#24 /Users/ogare/Projects/RetailpayDocs/vendor/laravel/framework/src/Illuminate/Cookie/Middleware/EncryptCookies.php(66): Illuminate\Routing\Pipeline->Illuminate\Routing\{closure}(Object(Illuminate\Http\Request))
#25 /Users/ogare/Projects/RetailpayDocs/vendor/laravel/framework/src/Illuminate/Pipeline/Pipeline.php(149): Illuminate\Cookie\Middleware\EncryptCookies->handle(Object(Illuminate\Http\Request), Object(Closure))
#26 /Users/ogare/Projects/RetailpayDocs/vendor/laravel/framework/src/Illuminate/Routing/Pipeline.php(53): Illuminate\Pipeline\Pipeline->Illuminate\Pipeline\{closure}(Object(Illuminate\Http\Request))
#27 /Users/ogare/Projects/RetailpayDocs/vendor/laravel/framework/src/Illuminate/Pipeline/Pipeline.php(102): Illuminate\Routing\Pipeline->Illuminate\Routing\{closure}(Object(Illuminate\Http\Request))
#28 /Users/ogare/Projects/RetailpayDocs/vendor/laravel/framework/src/Illuminate/Routing/Router.php(660): Illuminate\Pipeline\Pipeline->then(Object(Closure))
#29 /Users/ogare/Projects/RetailpayDocs/vendor/laravel/framework/src/Illuminate/Routing/Router.php(635): Illuminate\Routing\Router->runRouteWithinStack(Object(Illuminate\Routing\Route), Object(Illuminate\Http\Request))
#30 /Users/ogare/Projects/RetailpayDocs/vendor/laravel/framework/src/Illuminate/Routing/Router.php(601): Illuminate\Routing\Router->runRoute(Object(Illuminate\Http\Request), Object(Illuminate\Routing\Route))
#31 /Users/ogare/Projects/RetailpayDocs/vendor/october/rain/src/Router/CoreRouter.php(20): Illuminate\Routing\Router->dispatchToRoute(Object(Illuminate\Http\Request))
#32 /Users/ogare/Projects/RetailpayDocs/vendor/laravel/framework/src/Illuminate/Foundation/Http/Kernel.php(176): October\Rain\Router\CoreRouter->dispatch(Object(Illuminate\Http\Request))
#33 /Users/ogare/Projects/RetailpayDocs/vendor/laravel/framework/src/Illuminate/Routing/Pipeline.php(30): Illuminate\Foundation\Http\Kernel->Illuminate\Foundation\Http\{closure}(Object(Illuminate\Http\Request))
#34 /Users/ogare/Projects/RetailpayDocs/vendor/laravel/framework/src/Illuminate/Foundation/Http/Middleware/CheckForMaintenanceMode.php(46): Illuminate\Routing\Pipeline->Illuminate\Routing\{closure}(Object(Illuminate\Http\Request))
#35 /Users/ogare/Projects/RetailpayDocs/vendor/october/rain/src/Foundation/Http/Middleware/CheckForMaintenanceMode.php(24): Illuminate\Foundation\Http\Middleware\CheckForMaintenanceMode->handle(Object(Illuminate\Http\Request), Object(Closure))
#36 /Users/ogare/Projects/RetailpayDocs/vendor/laravel/framework/src/Illuminate/Pipeline/Pipeline.php(149): October\Rain\Foundation\Http\Middleware\CheckForMaintenanceMode->handle(Object(Illuminate\Http\Request), Object(Closure))
#37 /Users/ogare/Projects/RetailpayDocs/vendor/laravel/framework/src/Illuminate/Routing/Pipeline.php(53): Illuminate\Pipeline\Pipeline->Illuminate\Pipeline\{closure}(Object(Illuminate\Http\Request))
#38 /Users/ogare/Projects/RetailpayDocs/vendor/laravel/framework/src/Illuminate/Pipeline/Pipeline.php(102): Illuminate\Routing\Pipeline->Illuminate\Routing\{closure}(Object(Illuminate\Http\Request))
#39 /Users/ogare/Projects/RetailpayDocs/vendor/laravel/framework/src/Illuminate/Foundation/Http/Kernel.php(151): Illuminate\Pipeline\Pipeline->then(Object(Closure))
#40 /Users/ogare/Projects/RetailpayDocs/vendor/laravel/framework/src/Illuminate/Foundation/Http/Kernel.php(116): Illuminate\Foundation\Http\Kernel->sendRequestThroughRouter(Object(Illuminate\Http\Request))
#41 /Users/ogare/Projects/RetailpayDocs/index.php(43): Illuminate\Foundation\Http\Kernel->handle(Object(Illuminate\Http\Request))
#42 {main}  
[2019-11-16 21:49:19] dev.ERROR: Twig\Error\SyntaxError: Unknown "partials" tag. Did you mean "partial" in "getTwigNodeTree" at line 10? in /Users/ogare/Projects/RetailpayDocs/vendor/twig/twig/src/Parser.php:175
Stack trace:
#0 /Users/ogare/Projects/RetailpayDocs/vendor/twig/twig/src/Parser.php(98): Twig\Parser->subparse(NULL, false)
#1 /Users/ogare/Projects/RetailpayDocs/vendor/twig/twig/src/Environment.php(563): Twig\Parser->parse(Object(Twig\TokenStream))
#2 /Users/ogare/Projects/RetailpayDocs/modules/cms/Classes/CmsCompoundObject.php(416): Twig\Environment->parse(Object(Twig\TokenStream))
#3 /Users/ogare/Projects/RetailpayDocs/plugins/rainlab/pages/classes/Page.php(465): Cms\Classes\CmsCompoundObject->getTwigNodeTree()
#4 /Users/ogare/Projects/RetailpayDocs/plugins/rainlab/pages/controllers/index.php(585): RainLab\Pages\Classes\Page->listLayoutPlaceholders()
#5 /Users/ogare/Projects/RetailpayDocs/plugins/rainlab/pages/controllers/index.php(520): RainLab\Pages\Controllers\Index->addPagePlaceholders(Object(Backend\Widgets\Form), Object(RainLab\Pages\Classes\Page))
#6 [internal function]: RainLab\Pages\Controllers\Index->RainLab\Pages\Controllers\{closure}()
#7 /Users/ogare/Projects/RetailpayDocs/vendor/october/rain/src/Support/Traits/Emitter.php(133): call_user_func_array(Object(Closure), Array)
#8 /Users/ogare/Projects/RetailpayDocs/modules/system/Traits/EventEmitter.php(47): Backend\Classes\WidgetBase->fireEvent('form.extendFiel...', Array, true)
#9 /Users/ogare/Projects/RetailpayDocs/modules/backend/Widgets/Form.php(514): Backend\Classes\WidgetBase->fireSystemEvent('backend.form.ex...')
#10 /Users/ogare/Projects/RetailpayDocs/modules/backend/Widgets/Form.php(310): Backend\Widgets\Form->defineFormFields()
#11 /Users/ogare/Projects/RetailpayDocs/modules/backend/Widgets/Form.php(219): Backend\Widgets\Form->prepareVars()
#12 /Users/ogare/Projects/RetailpayDocs/plugins/rainlab/pages/controllers/index/_form_page.htm(7): Backend\Widgets\Form->render()
#13 /Users/ogare/Projects/RetailpayDocs/modules/system/Traits/ViewMaker.php(247): include('/Users/ogare/Pr...')
#14 /Users/ogare/Projects/RetailpayDocs/modules/system/Traits/ViewMaker.php(97): Backend\Classes\Controller->makeFileContents('/Users/ogare/Pr...', Array)
#15 /Users/ogare/Projects/RetailpayDocs/plugins/rainlab/pages/controllers/index.php(759): Backend\Classes\Controller->makePartial('_form_page.htm', Array)
#16 /Users/ogare/Projects/RetailpayDocs/plugins/rainlab/pages/controllers/index.php(255): RainLab\Pages\Controllers\Index->pushObjectForm('page', Object(RainLab\Pages\Classes\Page))
#17 [internal function]: RainLab\Pages\Controllers\Index->onUpdatePageLayout()
#18 /Users/ogare/Projects/RetailpayDocs/modules/backend/Classes/Controller.php(620): call_user_func_array(Array, Array)
#19 /Users/ogare/Projects/RetailpayDocs/modules/backend/Classes/Controller.php(470): Backend\Classes\Controller->runAjaxHandler('onUpdatePageLay...')
#20 /Users/ogare/Projects/RetailpayDocs/modules/backend/Classes/Controller.php(267): Backend\Classes\Controller->execAjaxHandlers()
#21 /Users/ogare/Projects/RetailpayDocs/modules/backend/Classes/BackendController.php(161): Backend\Classes\Controller->run('index', Array)
#22 [internal function]: Backend\Classes\BackendController->run('rainlab/pages')
#23 /Users/ogare/Projects/RetailpayDocs/vendor/laravel/framework/src/Illuminate/Routing/Controller.php(54): call_user_func_array(Array, Array)
#24 /Users/ogare/Projects/RetailpayDocs/vendor/laravel/framework/src/Illuminate/Routing/ControllerDispatcher.php(45): Illuminate\Routing\Controller->callAction('run', Array)
#25 /Users/ogare/Projects/RetailpayDocs/vendor/laravel/framework/src/Illuminate/Routing/Route.php(212): Illuminate\Routing\ControllerDispatcher->dispatch(Object(Illuminate\Routing\Route), Object(Backend\Classes\BackendController), 'run')
#26 /Users/ogare/Projects/RetailpayDocs/vendor/laravel/framework/src/Illuminate/Routing/Route.php(169): Illuminate\Routing\Route->runController()
#27 /Users/ogare/Projects/RetailpayDocs/vendor/laravel/framework/src/Illuminate/Routing/Router.php(658): Illuminate\Routing\Route->run()
#28 /Users/ogare/Projects/RetailpayDocs/vendor/laravel/framework/src/Illuminate/Routing/Pipeline.php(30): Illuminate\Routing\Router->Illuminate\Routing\{closure}(Object(Illuminate\Http\Request))
#29 /Users/ogare/Projects/RetailpayDocs/modules/backend/Classes/BackendController.php(68): Illuminate\Routing\Pipeline->Illuminate\Routing\{closure}(Object(Illuminate\Http\Request))
#30 /Users/ogare/Projects/RetailpayDocs/vendor/laravel/framework/src/Illuminate/Pipeline/Pipeline.php(131): Backend\Classes\BackendController->Backend\Classes\{closure}(Object(Illuminate\Http\Request), Object(Closure))
#31 /Users/ogare/Projects/RetailpayDocs/vendor/laravel/framework/src/Illuminate/Routing/Pipeline.php(53): Illuminate\Pipeline\Pipeline->Illuminate\Pipeline\{closure}(Object(Illuminate\Http\Request))
#32 /Users/ogare/Projects/RetailpayDocs/vendor/laravel/framework/src/Illuminate/Routing/Middleware/SubstituteBindings.php(41): Illuminate\Routing\Pipeline->Illuminate\Routing\{closure}(Object(Illuminate\Http\Request))
#33 /Users/ogare/Projects/RetailpayDocs/vendor/laravel/framework/src/Illuminate/Pipeline/Pipeline.php(149): Illuminate\Routing\Middleware\SubstituteBindings->handle(Object(Illuminate\Http\Request), Object(Closure))
#34 /Users/ogare/Projects/RetailpayDocs/vendor/laravel/framework/src/Illuminate/Routing/Pipeline.php(53): Illuminate\Pipeline\Pipeline->Illuminate\Pipeline\{closure}(Object(Illuminate\Http\Request))
#35 /Users/ogare/Projects/RetailpayDocs/vendor/laravel/framework/src/Illuminate/View/Middleware/ShareErrorsFromSession.php(49): Illuminate\Routing\Pipeline->Illuminate\Routing\{closure}(Object(Illuminate\Http\Request))
#36 /Users/ogare/Projects/RetailpayDocs/vendor/laravel/framework/src/Illuminate/Pipeline/Pipeline.php(149): Illuminate\View\Middleware\ShareErrorsFromSession->handle(Object(Illuminate\Http\Request), Object(Closure))
#37 /Users/ogare/Projects/RetailpayDocs/vendor/laravel/framework/src/Illuminate/Routing/Pipeline.php(53): Illuminate\Pipeline\Pipeline->Illuminate\Pipeline\{closure}(Object(Illuminate\Http\Request))
#38 /Users/ogare/Projects/RetailpayDocs/vendor/laravel/framework/src/Illuminate/Session/Middleware/StartSession.php(63): Illuminate\Routing\Pipeline->Illuminate\Routing\{closure}(Object(Illuminate\Http\Request))
#39 /Users/ogare/Projects/RetailpayDocs/vendor/laravel/framework/src/Illuminate/Pipeline/Pipeline.php(149): Illuminate\Session\Middleware\StartSession->handle(Object(Illuminate\Http\Request), Object(Closure))
#40 /Users/ogare/Projects/RetailpayDocs/vendor/laravel/framework/src/Illuminate/Routing/Pipeline.php(53): Illuminate\Pipeline\Pipeline->Illuminate\Pipeline\{closure}(Object(Illuminate\Http\Request))
#41 /Users/ogare/Projects/RetailpayDocs/vendor/laravel/framework/src/Illuminate/Cookie/Middleware/AddQueuedCookiesToResponse.php(37): Illuminate\Routing\Pipeline->Illuminate\Routing\{closure}(Object(Illuminate\Http\Request))
#42 /Users/ogare/Projects/RetailpayDocs/vendor/laravel/framework/src/Illuminate/Pipeline/Pipeline.php(149): Illuminate\Cookie\Middleware\AddQueuedCookiesToResponse->handle(Object(Illuminate\Http\Request), Object(Closure))
#43 /Users/ogare/Projects/RetailpayDocs/vendor/laravel/framework/src/Illuminate/Routing/Pipeline.php(53): Illuminate\Pipeline\Pipeline->Illuminate\Pipeline\{closure}(Object(Illuminate\Http\Request))
#44 /Users/ogare/Projects/RetailpayDocs/vendor/laravel/framework/src/Illuminate/Cookie/Middleware/EncryptCookies.php(66): Illuminate\Routing\Pipeline->Illuminate\Routing\{closure}(Object(Illuminate\Http\Request))
#45 /Users/ogare/Projects/RetailpayDocs/vendor/laravel/framework/src/Illuminate/Pipeline/Pipeline.php(149): Illuminate\Cookie\Middleware\EncryptCookies->handle(Object(Illuminate\Http\Request), Object(Closure))
#46 /Users/ogare/Projects/RetailpayDocs/vendor/laravel/framework/src/Illuminate/Routing/Pipeline.php(53): Illuminate\Pipeline\Pipeline->Illuminate\Pipeline\{closure}(Object(Illuminate\Http\Request))
#47 /Users/ogare/Projects/RetailpayDocs/vendor/laravel/framework/src/Illuminate/Pipeline/Pipeline.php(102): Illuminate\Routing\Pipeline->Illuminate\Routing\{closure}(Object(Illuminate\Http\Request))
#48 /Users/ogare/Projects/RetailpayDocs/vendor/laravel/framework/src/Illuminate/Routing/Router.php(660): Illuminate\Pipeline\Pipeline->then(Object(Closure))
#49 /Users/ogare/Projects/RetailpayDocs/vendor/laravel/framework/src/Illuminate/Routing/Router.php(635): Illuminate\Routing\Router->runRouteWithinStack(Object(Illuminate\Routing\Route), Object(Illuminate\Http\Request))
#50 /Users/ogare/Projects/RetailpayDocs/vendor/laravel/framework/src/Illuminate/Routing/Router.php(601): Illuminate\Routing\Router->runRoute(Object(Illuminate\Http\Request), Object(Illuminate\Routing\Route))
#51 /Users/ogare/Projects/RetailpayDocs/vendor/october/rain/src/Router/CoreRouter.php(20): Illuminate\Routing\Router->dispatchToRoute(Object(Illuminate\Http\Request))
#52 /Users/ogare/Projects/RetailpayDocs/vendor/laravel/framework/src/Illuminate/Foundation/Http/Kernel.php(176): October\Rain\Router\CoreRouter->dispatch(Object(Illuminate\Http\Request))
#53 /Users/ogare/Projects/RetailpayDocs/vendor/laravel/framework/src/Illuminate/Routing/Pipeline.php(30): Illuminate\Foundation\Http\Kernel->Illuminate\Foundation\Http\{closure}(Object(Illuminate\Http\Request))
#54 /Users/ogare/Projects/RetailpayDocs/vendor/laravel/framework/src/Illuminate/Foundation/Http/Middleware/CheckForMaintenanceMode.php(46): Illuminate\Routing\Pipeline->Illuminate\Routing\{closure}(Object(Illuminate\Http\Request))
#55 /Users/ogare/Projects/RetailpayDocs/vendor/october/rain/src/Foundation/Http/Middleware/CheckForMaintenanceMode.php(24): Illuminate\Foundation\Http\Middleware\CheckForMaintenanceMode->handle(Object(Illuminate\Http\Request), Object(Closure))
#56 /Users/ogare/Projects/RetailpayDocs/vendor/laravel/framework/src/Illuminate/Pipeline/Pipeline.php(149): October\Rain\Foundation\Http\Middleware\CheckForMaintenanceMode->handle(Object(Illuminate\Http\Request), Object(Closure))
#57 /Users/ogare/Projects/RetailpayDocs/vendor/laravel/framework/src/Illuminate/Routing/Pipeline.php(53): Illuminate\Pipeline\Pipeline->Illuminate\Pipeline\{closure}(Object(Illuminate\Http\Request))
#58 /Users/ogare/Projects/RetailpayDocs/vendor/laravel/framework/src/Illuminate/Pipeline/Pipeline.php(102): Illuminate\Routing\Pipeline->Illuminate\Routing\{closure}(Object(Illuminate\Http\Request))
#59 /Users/ogare/Projects/RetailpayDocs/vendor/laravel/framework/src/Illuminate/Foundation/Http/Kernel.php(151): Illuminate\Pipeline\Pipeline->then(Object(Closure))
#60 /Users/ogare/Projects/RetailpayDocs/vendor/laravel/framework/src/Illuminate/Foundation/Http/Kernel.php(116): Illuminate\Foundation\Http\Kernel->sendRequestThroughRouter(Object(Illuminate\Http\Request))
#61 /Users/ogare/Projects/RetailpayDocs/index.php(43): Illuminate\Foundation\Http\Kernel->handle(Object(Illuminate\Http\Request))
#62 {main}  
[2019-11-16 21:50:29] dev.ERROR: Cms\Classes\CmsException: The partial 'layout/header' is not found. in /Users/ogare/Projects/RetailpayDocs/modules/cms/Classes/Controller.php:1030
Stack trace:
#0 /Users/ogare/Projects/RetailpayDocs/modules/cms/Twig/Extension.php(102): Cms\Classes\Controller->renderPartial('layout/header', Array, true)
#1 /Users/ogare/Projects/RetailpayDocs/storage/cms/twig/50/506ab537ba87e7a21cf9f83ef3c797177d259efdbc31732fed9e066ee0770985.php(61): Cms\Twig\Extension->partialFunction('layout/header', Array, true)
#2 /Users/ogare/Projects/RetailpayDocs/vendor/twig/twig/src/Template.php(407): __TwigTemplate_7aa545ef7c37fee46b4748807ca67fa2c38807768961ad6433ee143675ce2cec->doDisplay(Array, Array)
#3 /Users/ogare/Projects/RetailpayDocs/vendor/twig/twig/src/Template.php(380): Twig\Template->displayWithErrorHandling(Array, Array)
#4 /Users/ogare/Projects/RetailpayDocs/vendor/twig/twig/src/Template.php(392): Twig\Template->display(Array)
#5 /Users/ogare/Projects/RetailpayDocs/modules/cms/Classes/Controller.php(434): Twig\Template->render(Array)
#6 /Users/ogare/Projects/RetailpayDocs/modules/cms/Classes/Controller.php(224): Cms\Classes\Controller->runPage(Object(Cms\Classes\Page))
#7 /Users/ogare/Projects/RetailpayDocs/modules/cms/Classes/CmsController.php(50): Cms\Classes\Controller->run('retailers')
#8 [internal function]: Cms\Classes\CmsController->run('retailers')
#9 /Users/ogare/Projects/RetailpayDocs/vendor/laravel/framework/src/Illuminate/Routing/Controller.php(54): call_user_func_array(Array, Array)
#10 /Users/ogare/Projects/RetailpayDocs/vendor/laravel/framework/src/Illuminate/Routing/ControllerDispatcher.php(45): Illuminate\Routing\Controller->callAction('run', Array)
#11 /Users/ogare/Projects/RetailpayDocs/vendor/laravel/framework/src/Illuminate/Routing/Route.php(212): Illuminate\Routing\ControllerDispatcher->dispatch(Object(Illuminate\Routing\Route), Object(Cms\Classes\CmsController), 'run')
#12 /Users/ogare/Projects/RetailpayDocs/vendor/laravel/framework/src/Illuminate/Routing/Route.php(169): Illuminate\Routing\Route->runController()
#13 /Users/ogare/Projects/RetailpayDocs/vendor/laravel/framework/src/Illuminate/Routing/Router.php(658): Illuminate\Routing\Route->run()
#14 /Users/ogare/Projects/RetailpayDocs/vendor/laravel/framework/src/Illuminate/Routing/Pipeline.php(30): Illuminate\Routing\Router->Illuminate\Routing\{closure}(Object(Illuminate\Http\Request))
#15 /Users/ogare/Projects/RetailpayDocs/vendor/laravel/framework/src/Illuminate/Routing/Middleware/SubstituteBindings.php(41): Illuminate\Routing\Pipeline->Illuminate\Routing\{closure}(Object(Illuminate\Http\Request))
#16 /Users/ogare/Projects/RetailpayDocs/vendor/laravel/framework/src/Illuminate/Pipeline/Pipeline.php(149): Illuminate\Routing\Middleware\SubstituteBindings->handle(Object(Illuminate\Http\Request), Object(Closure))
#17 /Users/ogare/Projects/RetailpayDocs/vendor/laravel/framework/src/Illuminate/Routing/Pipeline.php(53): Illuminate\Pipeline\Pipeline->Illuminate\Pipeline\{closure}(Object(Illuminate\Http\Request))
#18 /Users/ogare/Projects/RetailpayDocs/vendor/laravel/framework/src/Illuminate/View/Middleware/ShareErrorsFromSession.php(49): Illuminate\Routing\Pipeline->Illuminate\Routing\{closure}(Object(Illuminate\Http\Request))
#19 /Users/ogare/Projects/RetailpayDocs/vendor/laravel/framework/src/Illuminate/Pipeline/Pipeline.php(149): Illuminate\View\Middleware\ShareErrorsFromSession->handle(Object(Illuminate\Http\Request), Object(Closure))
#20 /Users/ogare/Projects/RetailpayDocs/vendor/laravel/framework/src/Illuminate/Routing/Pipeline.php(53): Illuminate\Pipeline\Pipeline->Illuminate\Pipeline\{closure}(Object(Illuminate\Http\Request))
#21 /Users/ogare/Projects/RetailpayDocs/vendor/laravel/framework/src/Illuminate/Session/Middleware/StartSession.php(63): Illuminate\Routing\Pipeline->Illuminate\Routing\{closure}(Object(Illuminate\Http\Request))
#22 /Users/ogare/Projects/RetailpayDocs/vendor/laravel/framework/src/Illuminate/Pipeline/Pipeline.php(149): Illuminate\Session\Middleware\StartSession->handle(Object(Illuminate\Http\Request), Object(Closure))
#23 /Users/ogare/Projects/RetailpayDocs/vendor/laravel/framework/src/Illuminate/Routing/Pipeline.php(53): Illuminate\Pipeline\Pipeline->Illuminate\Pipeline\{closure}(Object(Illuminate\Http\Request))
#24 /Users/ogare/Projects/RetailpayDocs/vendor/laravel/framework/src/Illuminate/Cookie/Middleware/AddQueuedCookiesToResponse.php(37): Illuminate\Routing\Pipeline->Illuminate\Routing\{closure}(Object(Illuminate\Http\Request))
#25 /Users/ogare/Projects/RetailpayDocs/vendor/laravel/framework/src/Illuminate/Pipeline/Pipeline.php(149): Illuminate\Cookie\Middleware\AddQueuedCookiesToResponse->handle(Object(Illuminate\Http\Request), Object(Closure))
#26 /Users/ogare/Projects/RetailpayDocs/vendor/laravel/framework/src/Illuminate/Routing/Pipeline.php(53): Illuminate\Pipeline\Pipeline->Illuminate\Pipeline\{closure}(Object(Illuminate\Http\Request))
#27 /Users/ogare/Projects/RetailpayDocs/vendor/laravel/framework/src/Illuminate/Cookie/Middleware/EncryptCookies.php(66): Illuminate\Routing\Pipeline->Illuminate\Routing\{closure}(Object(Illuminate\Http\Request))
#28 /Users/ogare/Projects/RetailpayDocs/vendor/laravel/framework/src/Illuminate/Pipeline/Pipeline.php(149): Illuminate\Cookie\Middleware\EncryptCookies->handle(Object(Illuminate\Http\Request), Object(Closure))
#29 /Users/ogare/Projects/RetailpayDocs/vendor/laravel/framework/src/Illuminate/Routing/Pipeline.php(53): Illuminate\Pipeline\Pipeline->Illuminate\Pipeline\{closure}(Object(Illuminate\Http\Request))
#30 /Users/ogare/Projects/RetailpayDocs/vendor/laravel/framework/src/Illuminate/Pipeline/Pipeline.php(102): Illuminate\Routing\Pipeline->Illuminate\Routing\{closure}(Object(Illuminate\Http\Request))
#31 /Users/ogare/Projects/RetailpayDocs/vendor/laravel/framework/src/Illuminate/Routing/Router.php(660): Illuminate\Pipeline\Pipeline->then(Object(Closure))
#32 /Users/ogare/Projects/RetailpayDocs/vendor/laravel/framework/src/Illuminate/Routing/Router.php(635): Illuminate\Routing\Router->runRouteWithinStack(Object(Illuminate\Routing\Route), Object(Illuminate\Http\Request))
#33 /Users/ogare/Projects/RetailpayDocs/vendor/laravel/framework/src/Illuminate/Routing/Router.php(601): Illuminate\Routing\Router->runRoute(Object(Illuminate\Http\Request), Object(Illuminate\Routing\Route))
#34 /Users/ogare/Projects/RetailpayDocs/vendor/october/rain/src/Router/CoreRouter.php(20): Illuminate\Routing\Router->dispatchToRoute(Object(Illuminate\Http\Request))
#35 /Users/ogare/Projects/RetailpayDocs/vendor/laravel/framework/src/Illuminate/Foundation/Http/Kernel.php(176): October\Rain\Router\CoreRouter->dispatch(Object(Illuminate\Http\Request))
#36 /Users/ogare/Projects/RetailpayDocs/vendor/laravel/framework/src/Illuminate/Routing/Pipeline.php(30): Illuminate\Foundation\Http\Kernel->Illuminate\Foundation\Http\{closure}(Object(Illuminate\Http\Request))
#37 /Users/ogare/Projects/RetailpayDocs/vendor/laravel/framework/src/Illuminate/Foundation/Http/Middleware/CheckForMaintenanceMode.php(46): Illuminate\Routing\Pipeline->Illuminate\Routing\{closure}(Object(Illuminate\Http\Request))
#38 /Users/ogare/Projects/RetailpayDocs/vendor/october/rain/src/Foundation/Http/Middleware/CheckForMaintenanceMode.php(24): Illuminate\Foundation\Http\Middleware\CheckForMaintenanceMode->handle(Object(Illuminate\Http\Request), Object(Closure))
#39 /Users/ogare/Projects/RetailpayDocs/vendor/laravel/framework/src/Illuminate/Pipeline/Pipeline.php(149): October\Rain\Foundation\Http\Middleware\CheckForMaintenanceMode->handle(Object(Illuminate\Http\Request), Object(Closure))
#40 /Users/ogare/Projects/RetailpayDocs/vendor/laravel/framework/src/Illuminate/Routing/Pipeline.php(53): Illuminate\Pipeline\Pipeline->Illuminate\Pipeline\{closure}(Object(Illuminate\Http\Request))
#41 /Users/ogare/Projects/RetailpayDocs/vendor/laravel/framework/src/Illuminate/Pipeline/Pipeline.php(102): Illuminate\Routing\Pipeline->Illuminate\Routing\{closure}(Object(Illuminate\Http\Request))
#42 /Users/ogare/Projects/RetailpayDocs/vendor/laravel/framework/src/Illuminate/Foundation/Http/Kernel.php(151): Illuminate\Pipeline\Pipeline->then(Object(Closure))
#43 /Users/ogare/Projects/RetailpayDocs/vendor/laravel/framework/src/Illuminate/Foundation/Http/Kernel.php(116): Illuminate\Foundation\Http\Kernel->sendRequestThroughRouter(Object(Illuminate\Http\Request))
#44 /Users/ogare/Projects/RetailpayDocs/index.php(43): Illuminate\Foundation\Http\Kernel->handle(Object(Illuminate\Http\Request))
#45 {main}

Next Twig\Error\RuntimeError: An exception has been thrown during the rendering of a template ("The partial 'layout/header' is not found.") in "/Users/ogare/Projects/RetailpayDocs/themes/retailpay-docs/layouts/docs-page.htm" at line 17. in /Users/ogare/Projects/RetailpayDocs/vendor/twig/twig/src/Template.php:421
Stack trace:
#0 /Users/ogare/Projects/RetailpayDocs/vendor/twig/twig/src/Template.php(380): Twig\Template->displayWithErrorHandling(Array, Array)
#1 /Users/ogare/Projects/RetailpayDocs/vendor/twig/twig/src/Template.php(392): Twig\Template->display(Array)
#2 /Users/ogare/Projects/RetailpayDocs/modules/cms/Classes/Controller.php(434): Twig\Template->render(Array)
#3 /Users/ogare/Projects/RetailpayDocs/modules/cms/Classes/Controller.php(224): Cms\Classes\Controller->runPage(Object(Cms\Classes\Page))
#4 /Users/ogare/Projects/RetailpayDocs/modules/cms/Classes/CmsController.php(50): Cms\Classes\Controller->run('retailers')
#5 [internal function]: Cms\Classes\CmsController->run('retailers')
#6 /Users/ogare/Projects/RetailpayDocs/vendor/laravel/framework/src/Illuminate/Routing/Controller.php(54): call_user_func_array(Array, Array)
#7 /Users/ogare/Projects/RetailpayDocs/vendor/laravel/framework/src/Illuminate/Routing/ControllerDispatcher.php(45): Illuminate\Routing\Controller->callAction('run', Array)
#8 /Users/ogare/Projects/RetailpayDocs/vendor/laravel/framework/src/Illuminate/Routing/Route.php(212): Illuminate\Routing\ControllerDispatcher->dispatch(Object(Illuminate\Routing\Route), Object(Cms\Classes\CmsController), 'run')
#9 /Users/ogare/Projects/RetailpayDocs/vendor/laravel/framework/src/Illuminate/Routing/Route.php(169): Illuminate\Routing\Route->runController()
#10 /Users/ogare/Projects/RetailpayDocs/vendor/laravel/framework/src/Illuminate/Routing/Router.php(658): Illuminate\Routing\Route->run()
#11 /Users/ogare/Projects/RetailpayDocs/vendor/laravel/framework/src/Illuminate/Routing/Pipeline.php(30): Illuminate\Routing\Router->Illuminate\Routing\{closure}(Object(Illuminate\Http\Request))
#12 /Users/ogare/Projects/RetailpayDocs/vendor/laravel/framework/src/Illuminate/Routing/Middleware/SubstituteBindings.php(41): Illuminate\Routing\Pipeline->Illuminate\Routing\{closure}(Object(Illuminate\Http\Request))
#13 /Users/ogare/Projects/RetailpayDocs/vendor/laravel/framework/src/Illuminate/Pipeline/Pipeline.php(149): Illuminate\Routing\Middleware\SubstituteBindings->handle(Object(Illuminate\Http\Request), Object(Closure))
#14 /Users/ogare/Projects/RetailpayDocs/vendor/laravel/framework/src/Illuminate/Routing/Pipeline.php(53): Illuminate\Pipeline\Pipeline->Illuminate\Pipeline\{closure}(Object(Illuminate\Http\Request))
#15 /Users/ogare/Projects/RetailpayDocs/vendor/laravel/framework/src/Illuminate/View/Middleware/ShareErrorsFromSession.php(49): Illuminate\Routing\Pipeline->Illuminate\Routing\{closure}(Object(Illuminate\Http\Request))
#16 /Users/ogare/Projects/RetailpayDocs/vendor/laravel/framework/src/Illuminate/Pipeline/Pipeline.php(149): Illuminate\View\Middleware\ShareErrorsFromSession->handle(Object(Illuminate\Http\Request), Object(Closure))
#17 /Users/ogare/Projects/RetailpayDocs/vendor/laravel/framework/src/Illuminate/Routing/Pipeline.php(53): Illuminate\Pipeline\Pipeline->Illuminate\Pipeline\{closure}(Object(Illuminate\Http\Request))
#18 /Users/ogare/Projects/RetailpayDocs/vendor/laravel/framework/src/Illuminate/Session/Middleware/StartSession.php(63): Illuminate\Routing\Pipeline->Illuminate\Routing\{closure}(Object(Illuminate\Http\Request))
#19 /Users/ogare/Projects/RetailpayDocs/vendor/laravel/framework/src/Illuminate/Pipeline/Pipeline.php(149): Illuminate\Session\Middleware\StartSession->handle(Object(Illuminate\Http\Request), Object(Closure))
#20 /Users/ogare/Projects/RetailpayDocs/vendor/laravel/framework/src/Illuminate/Routing/Pipeline.php(53): Illuminate\Pipeline\Pipeline->Illuminate\Pipeline\{closure}(Object(Illuminate\Http\Request))
#21 /Users/ogare/Projects/RetailpayDocs/vendor/laravel/framework/src/Illuminate/Cookie/Middleware/AddQueuedCookiesToResponse.php(37): Illuminate\Routing\Pipeline->Illuminate\Routing\{closure}(Object(Illuminate\Http\Request))
#22 /Users/ogare/Projects/RetailpayDocs/vendor/laravel/framework/src/Illuminate/Pipeline/Pipeline.php(149): Illuminate\Cookie\Middleware\AddQueuedCookiesToResponse->handle(Object(Illuminate\Http\Request), Object(Closure))
#23 /Users/ogare/Projects/RetailpayDocs/vendor/laravel/framework/src/Illuminate/Routing/Pipeline.php(53): Illuminate\Pipeline\Pipeline->Illuminate\Pipeline\{closure}(Object(Illuminate\Http\Request))
#24 /Users/ogare/Projects/RetailpayDocs/vendor/laravel/framework/src/Illuminate/Cookie/Middleware/EncryptCookies.php(66): Illuminate\Routing\Pipeline->Illuminate\Routing\{closure}(Object(Illuminate\Http\Request))
#25 /Users/ogare/Projects/RetailpayDocs/vendor/laravel/framework/src/Illuminate/Pipeline/Pipeline.php(149): Illuminate\Cookie\Middleware\EncryptCookies->handle(Object(Illuminate\Http\Request), Object(Closure))
#26 /Users/ogare/Projects/RetailpayDocs/vendor/laravel/framework/src/Illuminate/Routing/Pipeline.php(53): Illuminate\Pipeline\Pipeline->Illuminate\Pipeline\{closure}(Object(Illuminate\Http\Request))
#27 /Users/ogare/Projects/RetailpayDocs/vendor/laravel/framework/src/Illuminate/Pipeline/Pipeline.php(102): Illuminate\Routing\Pipeline->Illuminate\Routing\{closure}(Object(Illuminate\Http\Request))
#28 /Users/ogare/Projects/RetailpayDocs/vendor/laravel/framework/src/Illuminate/Routing/Router.php(660): Illuminate\Pipeline\Pipeline->then(Object(Closure))
#29 /Users/ogare/Projects/RetailpayDocs/vendor/laravel/framework/src/Illuminate/Routing/Router.php(635): Illuminate\Routing\Router->runRouteWithinStack(Object(Illuminate\Routing\Route), Object(Illuminate\Http\Request))
#30 /Users/ogare/Projects/RetailpayDocs/vendor/laravel/framework/src/Illuminate/Routing/Router.php(601): Illuminate\Routing\Router->runRoute(Object(Illuminate\Http\Request), Object(Illuminate\Routing\Route))
#31 /Users/ogare/Projects/RetailpayDocs/vendor/october/rain/src/Router/CoreRouter.php(20): Illuminate\Routing\Router->dispatchToRoute(Object(Illuminate\Http\Request))
#32 /Users/ogare/Projects/RetailpayDocs/vendor/laravel/framework/src/Illuminate/Foundation/Http/Kernel.php(176): October\Rain\Router\CoreRouter->dispatch(Object(Illuminate\Http\Request))
#33 /Users/ogare/Projects/RetailpayDocs/vendor/laravel/framework/src/Illuminate/Routing/Pipeline.php(30): Illuminate\Foundation\Http\Kernel->Illuminate\Foundation\Http\{closure}(Object(Illuminate\Http\Request))
#34 /Users/ogare/Projects/RetailpayDocs/vendor/laravel/framework/src/Illuminate/Foundation/Http/Middleware/CheckForMaintenanceMode.php(46): Illuminate\Routing\Pipeline->Illuminate\Routing\{closure}(Object(Illuminate\Http\Request))
#35 /Users/ogare/Projects/RetailpayDocs/vendor/october/rain/src/Foundation/Http/Middleware/CheckForMaintenanceMode.php(24): Illuminate\Foundation\Http\Middleware\CheckForMaintenanceMode->handle(Object(Illuminate\Http\Request), Object(Closure))
#36 /Users/ogare/Projects/RetailpayDocs/vendor/laravel/framework/src/Illuminate/Pipeline/Pipeline.php(149): October\Rain\Foundation\Http\Middleware\CheckForMaintenanceMode->handle(Object(Illuminate\Http\Request), Object(Closure))
#37 /Users/ogare/Projects/RetailpayDocs/vendor/laravel/framework/src/Illuminate/Routing/Pipeline.php(53): Illuminate\Pipeline\Pipeline->Illuminate\Pipeline\{closure}(Object(Illuminate\Http\Request))
#38 /Users/ogare/Projects/RetailpayDocs/vendor/laravel/framework/src/Illuminate/Pipeline/Pipeline.php(102): Illuminate\Routing\Pipeline->Illuminate\Routing\{closure}(Object(Illuminate\Http\Request))
#39 /Users/ogare/Projects/RetailpayDocs/vendor/laravel/framework/src/Illuminate/Foundation/Http/Kernel.php(151): Illuminate\Pipeline\Pipeline->then(Object(Closure))
#40 /Users/ogare/Projects/RetailpayDocs/vendor/laravel/framework/src/Illuminate/Foundation/Http/Kernel.php(116): Illuminate\Foundation\Http\Kernel->sendRequestThroughRouter(Object(Illuminate\Http\Request))
#41 /Users/ogare/Projects/RetailpayDocs/index.php(43): Illuminate\Foundation\Http\Kernel->handle(Object(Illuminate\Http\Request))
#42 {main}  
